
> airsaas-next@0.1.0 build-storybook
> storybook build --output-dir=/var/folders/53/fz3ly9492s9g0rj_bp14ggrm0000gn/T/chromatic--62979-5C0qmKN0MPa3


[90m┌[39m  Building storybook v10.3.4
[90m│[39m
[32m◇[39m  Cleaning outputDir:
[90m│[39m  [36m../../../../../../../var/folders/53/fz3ly9492s9g0rj_bp14ggrm0000gn/T/chromatic--62979-5C0qmKN0MPa3[39m
[90m│[39m
[32m◇[39m  Loading presets
[90m│[39m
[32m◇[39m  Building manager..
[90m│[39m
[34m●[39m  Building preview..
[90m│[39m
[33m▲[39m  No story files found for the specified pattern: [34msrc/**/*.mdx[39m
[90m│[39m
[34m●[39m  Copying static files: [36mpublic[39m at
[90m│[39m  [36m../../../../../../../var/folders/53/fz3ly9492s9g0rj_bp14ggrm0000gn/T/chromatic--62979-5C0qmKN0MPa3[39m
[90m│[39m  [43mVite[49m [36mvite v8.0.3 [32mbuilding client environment for production...[36m[39m
[2Ktransforming...✓ 323 modules transformed.
rendering chunks...
computing gzip size...
[90m│[39m  [43mVite[49m
[90m│[39m  ../../../../../../../var/folders/53/fz3ly9492s9g0rj_bp14ggrm0000gn/T/chromatic--62979-5C0qmKN0MPa3/iframe.html
[90m│[39m  18.72 kB │ gzip:   5.28 kB
[90m│[39m  ../../../../../../../var/folders/53/fz3ly9492s9g0rj_bp14ggrm0000gn/T/chromatic--62979-5C0qmKN0MPa3/assets/iframe-BhklvILp.css
[90m│[39m  69.96 kB │ gzip:  12.49 kB
[90m│[39m  ../../../../../../../var/folders/53/fz3ly9492s9g0rj_bp14ggrm0000gn/T/chromatic--62979-5C0qmKN0MPa3/assets/chunk-CYSK6WYR-B2NcHnL9.js
[90m│[39m  0.15 kB │ gzip:   0.13 kB
[90m│[39m  ../../../../../../../var/folders/53/fz3ly9492s9g0rj_bp14ggrm0000gn/T/chromatic--62979-5C0qmKN0MPa3/assets/chunk-242VQQM5-BiRYenZp.js
[90m│[39m  0.21 kB │ gzip:   0.18 kB
[90m│[39m  ../../../../../../../var/folders/53/fz3ly9492s9g0rj_bp14ggrm0000gn/T/chromatic--62979-5C0qmKN0MPa3/assets/formatter-EIJCOSYU-Cnyt73KV.js
[90m│[39m  0.26 kB │ gzip:   0.21 kB
[90m│[39m  ../../../../../../../var/folders/53/fz3ly9492s9g0rj_bp14ggrm0000gn/T/chromatic--62979-5C0qmKN0MPa3/assets/react-BJ_8YOTJ.js
[90m│[39m  0.52 kB │ gzip:   0.32 kB
[90m│[39m  ../../../../../../../var/folders/53/fz3ly9492s9g0rj_bp14ggrm0000gn/T/chromatic--62979-5C0qmKN0MPa3/assets/EllipseBackground-N35zM9Ch.js
[90m│[39m  0.59 kB │ gzip:   0.40 kB
[90m│[39m  ../../../../../../../var/folders/53/fz3ly9492s9g0rj_bp14ggrm0000gn/T/chromatic--62979-5C0qmKN0MPa3/assets/IllustrationFrame-BTIPQa6o.js
[90m│[39m  0.93 kB │ gzip:   0.50 kB
[90m│[39m  ../../../../../../../var/folders/53/fz3ly9492s9g0rj_bp14ggrm0000gn/T/chromatic--62979-5C0qmKN0MPa3/assets/EllipseBackground.stories-w-sttJ7q.js
[90m│[39m  0.96 kB │ gzip:   0.47 kB
[90m│[39m  ../../../../../../../var/folders/53/fz3ly9492s9g0rj_bp14ggrm0000gn/T/chromatic--62979-5C0qmKN0MPa3/assets/GradientBackground-Bdmz7ntk.js
[90m│[39m  1.00 kB │ gzip:   0.53 kB
[90m│[39m  ../../../../../../../var/folders/53/fz3ly9492s9g0rj_bp14ggrm0000gn/T/chromatic--62979-5C0qmKN0MPa3/assets/ListInline-DexZEC1s.js
[90m│[39m  1.07 kB │ gzip:   0.60 kB
[90m│[39m  ../../../../../../../var/folders/53/fz3ly9492s9g0rj_bp14ggrm0000gn/T/chromatic--62979-5C0qmKN0MPa3/assets/LogosBar.stories-BEs-hUo5.js
[90m│[39m  1.07 kB │ gzip:   0.49 kB
[90m│[39m  ../../../../../../../var/folders/53/fz3ly9492s9g0rj_bp14ggrm0000gn/T/chromatic--62979-5C0qmKN0MPa3/assets/ListCard-CYalPGpo.js
[90m│[39m  1.11 kB │ gzip:   0.61 kB
[90m│[39m  ../../../../../../../var/folders/53/fz3ly9492s9g0rj_bp14ggrm0000gn/T/chromatic--62979-5C0qmKN0MPa3/assets/Float-B4p2ty5b.js
[90m│[39m  1.14 kB │ gzip:   0.57 kB
[90m│[39m  ../../../../../../../var/folders/53/fz3ly9492s9g0rj_bp14ggrm0000gn/T/chromatic--62979-5C0qmKN0MPa3/assets/chunk-vNrZSFDR.js
[90m│[39m  1.17 kB │ gzip:   0.65 kB
[90m│[39m  ../../../../../../../var/folders/53/fz3ly9492s9g0rj_bp14ggrm0000gn/T/chromatic--62979-5C0qmKN0MPa3/assets/LogosBar-B3mqBUkV.js
[90m│[39m  1.25 kB │ gzip:   0.67 kB
[90m│[39m  ../../../../../../../var/folders/53/fz3ly9492s9g0rj_bp14ggrm0000gn/T/chromatic--62979-5C0qmKN0MPa3/assets/Text-BeraqTyM.js
[90m│[39m  1.27 kB │ gzip:   0.59 kB
[90m│[39m  ../../../../../../../var/folders/53/fz3ly9492s9g0rj_bp14ggrm0000gn/T/chromatic--62979-5C0qmKN0MPa3/assets/preload-helper-BROLHtqz.js
[90m│[39m  1.27 kB │ gzip:   0.74 kB
[90m│[39m  ../../../../../../../var/folders/53/fz3ly9492s9g0rj_bp14ggrm0000gn/T/chromatic--62979-5C0qmKN0MPa3/assets/ListInline.stories-CP5rf1mV.js
[90m│[39m  1.37 kB │ gzip:   0.60 kB
[90m│[39m  ../../../../../../../var/folders/53/fz3ly9492s9g0rj_bp14ggrm0000gn/T/chromatic--62979-5C0qmKN0MPa3/assets/CardCta-UvMsPhOb.js
[90m│[39m  1.42 kB │ gzip:   0.71 kB
[90m│[39m  ../../../../../../../var/folders/53/fz3ly9492s9g0rj_bp14ggrm0000gn/T/chromatic--62979-5C0qmKN0MPa3/assets/FeatureCard-j5ZiCvj2.js
[90m│[39m  1.45 kB │ gzip:   0.66 kB
[90m│[39m  ../../../../../../../var/folders/53/fz3ly9492s9g0rj_bp14ggrm0000gn/T/chromatic--62979-5C0qmKN0MPa3/assets/IllustrationFrame.stories-Ww48aH1G.js
[90m│[39m  1.47 kB │ gzip:   0.58 kB
[90m│[39m  ../../../../../../../var/folders/53/fz3ly9492s9g0rj_bp14ggrm0000gn/T/chromatic--62979-5C0qmKN0MPa3/assets/TestimonialsFrame-DiQ-EHBU.js
[90m│[39m  1.55 kB │ gzip:   0.71 kB
[90m│[39m  ../../../../../../../var/folders/53/fz3ly9492s9g0rj_bp14ggrm0000gn/T/chromatic--62979-5C0qmKN0MPa3/assets/Navbar.stories-eI7qHn79.js
[90m│[39m  1.66 kB │ gzip:   0.65 kB
[90m│[39m  ../../../../../../../var/folders/53/fz3ly9492s9g0rj_bp14ggrm0000gn/T/chromatic--62979-5C0qmKN0MPa3/assets/ComparisonFrame-BRF1IThE.js
[90m│[39m  1.68 kB │ gzip:   0.78 kB
[90m│[39m  ../../../../../../../var/folders/53/fz3ly9492s9g0rj_bp14ggrm0000gn/T/chromatic--62979-5C0qmKN0MPa3/assets/Heading-DBBX25D0.js
[90m│[39m  1.68 kB │ gzip:   0.70 kB
[90m│[39m  ../../../../../../../var/folders/53/fz3ly9492s9g0rj_bp14ggrm0000gn/T/chromatic--62979-5C0qmKN0MPa3/assets/TestimonialsFrame.stories-D8YCyvHc.js
[90m│[39m  1.70 kB │ gzip:   0.72 kB
[90m│[39m  ../../../../../../../var/folders/53/fz3ly9492s9g0rj_bp14ggrm0000gn/T/chromatic--62979-5C0qmKN0MPa3/assets/TestimonialCard-BA7Wq-HA.js
[90m│[39m  1.83 kB │ gzip:   0.80 kB
[90m│[39m  ../../../../../../../var/folders/53/fz3ly9492s9g0rj_bp14ggrm0000gn/T/chromatic--62979-5C0qmKN0MPa3/assets/CtaFrame-CuicwakB.js
[90m│[39m  1.85 kB │ gzip:   0.84 kB
[90m│[39m  ../../../../../../../var/folders/53/fz3ly9492s9g0rj_bp14ggrm0000gn/T/chromatic--62979-5C0qmKN0MPa3/assets/Heading.stories-DHNFJhN3.js
[90m│[39m  1.88 kB │ gzip:   0.63 kB
[90m│[39m  ../../../../../../../var/folders/53/fz3ly9492s9g0rj_bp14ggrm0000gn/T/chromatic--62979-5C0qmKN0MPa3/assets/FloatingCard-H4mWVWa6.js
[90m│[39m  1.95 kB │ gzip:   0.76 kB
[90m│[39m  ../../../../../../../var/folders/53/fz3ly9492s9g0rj_bp14ggrm0000gn/T/chromatic--62979-5C0qmKN0MPa3/assets/Button-Cb-KjKwb.js
[90m│[39m  2.00 kB │ gzip:   0.84 kB
[90m│[39m  ../../../../../../../var/folders/53/fz3ly9492s9g0rj_bp14ggrm0000gn/T/chromatic--62979-5C0qmKN0MPa3/assets/Text.stories-CecPAEwt.js
[90m│[39m  2.33 kB │ gzip:   0.77 kB
[90m│[39m  ../../../../../../../var/folders/53/fz3ly9492s9g0rj_bp14ggrm0000gn/T/chromatic--62979-5C0qmKN0MPa3/assets/ValuePropositionFrame-CfDgFvNF.js
[90m│[39m  2.34 kB │ gzip:   0.96 kB
[90m│[39m  ../../../../../../../var/folders/53/fz3ly9492s9g0rj_bp14ggrm0000gn/T/chromatic--62979-5C0qmKN0MPa3/assets/Tag.stories-MC44hp24.js
[90m│[39m  2.41 kB │ gzip:   0.80 kB
[90m│[39m  ../../../../../../../var/folders/53/fz3ly9492s9g0rj_bp14ggrm0000gn/T/chromatic--62979-5C0qmKN0MPa3/assets/FaqFrame.stories-KoX1ruuv.js
[90m│[39m  2.50 kB │ gzip:   0.85 kB
[90m│[39m  ../../../../../../../var/folders/53/fz3ly9492s9g0rj_bp14ggrm0000gn/T/chromatic--62979-5C0qmKN0MPa3/assets/Tag-CeadTq89.js
[90m│[39m  2.63 kB │ gzip:   1.23 kB
[90m│[39m  ../../../../../../../var/folders/53/fz3ly9492s9g0rj_bp14ggrm0000gn/T/chromatic--62979-5C0qmKN0MPa3/assets/ComparisonFrame.stories-zTmQL22m.js
[90m│[39m  2.67 kB │ gzip:   0.88 kB
[90m│[39m  ../../../../../../../var/folders/53/fz3ly9492s9g0rj_bp14ggrm0000gn/T/chromatic--62979-5C0qmKN0MPa3/assets/CardCta.stories-CEG6SUhM.js
[90m│[39m  2.69 kB │ gzip:   0.83 kB
[90m│[39m  ../../../../../../../var/folders/53/fz3ly9492s9g0rj_bp14ggrm0000gn/T/chromatic--62979-5C0qmKN0MPa3/assets/FaqFrame-D2aCmh4R.js
[90m│[39m  2.71 kB │ gzip:   1.15 kB
[90m│[39m  ../../../../../../../var/folders/53/fz3ly9492s9g0rj_bp14ggrm0000gn/T/chromatic--62979-5C0qmKN0MPa3/assets/GradientBackground.stories-BfKBsIdT.js
[90m│[39m  2.82 kB │ gzip:   0.71 kB
[90m│[39m  ../../../../../../../var/folders/53/fz3ly9492s9g0rj_bp14ggrm0000gn/T/chromatic--62979-5C0qmKN0MPa3/assets/TestimonialCard.stories-CT4Eh1rM.js
[90m│[39m  2.93 kB │ gzip:   0.95 kB
[90m│[39m  ../../../../../../../var/folders/53/fz3ly9492s9g0rj_bp14ggrm0000gn/T/chromatic--62979-5C0qmKN0MPa3/assets/CtaFrame.stories-D1TEV2Cy.js
[90m│[39m  3.04 kB │ gzip:   0.85 kB
[90m│[39m  ../../../../../../../var/folders/53/fz3ly9492s9g0rj_bp14ggrm0000gn/T/chromatic--62979-5C0qmKN0MPa3/assets/FeatureFrame-Lkx_soQ_.js
[90m│[39m  3.09 kB │ gzip:   1.24 kB
[90m│[39m  ../../../../../../../var/folders/53/fz3ly9492s9g0rj_bp14ggrm0000gn/T/chromatic--62979-5C0qmKN0MPa3/assets/Hero.stories-Ct8y6PR5.js
[90m│[39m  3.16 kB │ gzip:   1.13 kB
[90m│[39m  ../../../../../../../var/folders/53/fz3ly9492s9g0rj_bp14ggrm0000gn/T/chromatic--62979-5C0qmKN0MPa3/assets/FloatingCard.stories-BSKEG81O.js
[90m│[39m  3.17 kB │ gzip:   1.05 kB
[90m│[39m  ../../../../../../../var/folders/53/fz3ly9492s9g0rj_bp14ggrm0000gn/T/chromatic--62979-5C0qmKN0MPa3/assets/Footer.stories-l-KXRRMd.js
[90m│[39m  3.19 kB │ gzip:   0.87 kB
[90m│[39m  ../../../../../../../var/folders/53/fz3ly9492s9g0rj_bp14ggrm0000gn/T/chromatic--62979-5C0qmKN0MPa3/assets/ListCard.stories-DvzNXUTQ.js
[90m│[39m  3.21 kB │ gzip:   0.95 kB
[90m│[39m  ../../../../../../../var/folders/53/fz3ly9492s9g0rj_bp14ggrm0000gn/T/chromatic--62979-5C0qmKN0MPa3/assets/FeatureCard.stories-Cq3i9HAf.js
[90m│[39m  3.49 kB │ gzip:   1.07 kB
[90m│[39m  ../../../../../../../var/folders/53/fz3ly9492s9g0rj_bp14ggrm0000gn/T/chromatic--62979-5C0qmKN0MPa3/assets/AnimateOnScroll-Cuu9pM8o.js
[90m│[39m  3.64 kB │ gzip:   1.20 kB
[90m│[39m  ../../../../../../../var/folders/53/fz3ly9492s9g0rj_bp14ggrm0000gn/T/chromatic--62979-5C0qmKN0MPa3/assets/FeatureFrame.stories-CukjzR4D.js
[90m│[39m  3.72 kB │ gzip:   1.24 kB
[90m│[39m  ../../../../../../../var/folders/53/fz3ly9492s9g0rj_bp14ggrm0000gn/T/chromatic--62979-5C0qmKN0MPa3/assets/Typography.stories-CNcawqYd.js
[90m│[39m  3.73 kB │ gzip:   1.16 kB
[90m│[39m  ../../../../../../../var/folders/53/fz3ly9492s9g0rj_bp14ggrm0000gn/T/chromatic--62979-5C0qmKN0MPa3/assets/AnimateOnScroll.stories-Dsl__7Mx.js
[90m│[39m  3.78 kB │ gzip:   1.03 kB
[90m│[39m  ../../../../../../../var/folders/53/fz3ly9492s9g0rj_bp14ggrm0000gn/T/chromatic--62979-5C0qmKN0MPa3/assets/chunk-3LY4VQVK-DdxS_lOk.js
[90m│[39m  4.02 kB │ gzip:   1.70 kB
[90m│[39m  ../../../../../../../var/folders/53/fz3ly9492s9g0rj_bp14ggrm0000gn/T/chromatic--62979-5C0qmKN0MPa3/assets/illustration-icons-CLoJg-B8.js
[90m│[39m  4.07 kB │ gzip:   1.29 kB
[90m│[39m  ../../../../../../../var/folders/53/fz3ly9492s9g0rj_bp14ggrm0000gn/T/chromatic--62979-5C0qmKN0MPa3/assets/Colors.stories-BiUh8DdU.js
[90m│[39m  4.22 kB │ gzip:   1.18 kB
[90m│[39m  ../../../../../../../var/folders/53/fz3ly9492s9g0rj_bp14ggrm0000gn/T/chromatic--62979-5C0qmKN0MPa3/assets/Hero-B02t4kUa.js
[90m│[39m  4.52 kB │ gzip:   1.62 kB
[90m│[39m  ../../../../../../../var/folders/53/fz3ly9492s9g0rj_bp14ggrm0000gn/T/chromatic--62979-5C0qmKN0MPa3/assets/Navbar-3jINEDwW.js
[90m│[39m  5.25 kB │ gzip:   1.68 kB
[90m│[39m  ../../../../../../../var/folders/53/fz3ly9492s9g0rj_bp14ggrm0000gn/T/chromatic--62979-5C0qmKN0MPa3/assets/Button.stories-CehPAsgI.js
[90m│[39m  5.52 kB │ gzip:   1.16 kB
[90m│[39m  ../../../../../../../var/folders/53/fz3ly9492s9g0rj_bp14ggrm0000gn/T/chromatic--62979-5C0qmKN0MPa3/assets/IconIllustration.stories-VvYSkVcT.js
[90m│[39m  5.66 kB │ gzip:   0.98 kB
[90m│[39m  ../../../../../../../var/folders/53/fz3ly9492s9g0rj_bp14ggrm0000gn/T/chromatic--62979-5C0qmKN0MPa3/assets/Footer-B_PtP-_b.js
[90m│[39m  6.16 kB │ gzip:   2.71 kB
[90m│[39m  ../../../../../../../var/folders/53/fz3ly9492s9g0rj_bp14ggrm0000gn/T/chromatic--62979-5C0qmKN0MPa3/assets/ValuePropositionFrame.stories-H2K5-40S.js
[90m│[39m  6.24 kB │ gzip:   1.46 kB
[90m│[39m  ../../../../../../../var/folders/53/fz3ly9492s9g0rj_bp14ggrm0000gn/T/chromatic--62979-5C0qmKN0MPa3/assets/HomePage.stories-BNClKZpp.js
[90m│[39m  14.08 kB │ gzip:   4.48 kB
[90m│[39m  ../../../../../../../var/folders/53/fz3ly9492s9g0rj_bp14ggrm0000gn/T/chromatic--62979-5C0qmKN0MPa3/assets/chunk-RD3KTAHR-CsADe0KN.js
[90m│[39m  20.66 kB │ gzip:   6.89 kB
[90m│[39m  ../../../../../../../var/folders/53/fz3ly9492s9g0rj_bp14ggrm0000gn/T/chromatic--62979-5C0qmKN0MPa3/assets/utils-CwyG4Us8.js
[90m│[39m  26.71 kB │ gzip:   8.64 kB
[90m│[39m  ../../../../../../../var/folders/53/fz3ly9492s9g0rj_bp14ggrm0000gn/T/chromatic--62979-5C0qmKN0MPa3/vite-inject-mocker-entry.js
[90m│[39m  27.85 kB │ gzip:   9.64 kB
[90m│[39m  ../../../../../../../var/folders/53/fz3ly9492s9g0rj_bp14ggrm0000gn/T/chromatic--62979-5C0qmKN0MPa3/assets/matchers-5TDFFDYO-BpgMOC8G.js
[90m│[39m  28.81 kB │ gzip:   9.67 kB
[90m│[39m  ../../../../../../../var/folders/53/fz3ly9492s9g0rj_bp14ggrm0000gn/T/chromatic--62979-5C0qmKN0MPa3/assets/Color-FRDS63T2-B36gT0GO.js
[90m│[39m  30.82 kB │ gzip:  11.55 kB
[90m│[39m  ../../../../../../../var/folders/53/fz3ly9492s9g0rj_bp14ggrm0000gn/T/chromatic--62979-5C0qmKN0MPa3/assets/WithTooltip-65CFNBJE-C04WwS2y.js
[90m│[39m  33.20 kB │ gzip:  11.65 kB
[90m│[39m  ../../../../../../../var/folders/53/fz3ly9492s9g0rj_bp14ggrm0000gn/T/chromatic--62979-5C0qmKN0MPa3/assets/theming-DHAbjV-P.js
[90m│[39m  55.30 kB │ gzip:  21.37 kB
[90m│[39m  ../../../../../../../var/folders/53/fz3ly9492s9g0rj_bp14ggrm0000gn/T/chromatic--62979-5C0qmKN0MPa3/assets/syntaxhighlighter-OH4MV7E3-CXLPT6c8.js
[90m│[39m  76.11 kB │ gzip:  27.37 kB
[90m│[39m  ../../../../../../../var/folders/53/fz3ly9492s9g0rj_bp14ggrm0000gn/T/chromatic--62979-5C0qmKN0MPa3/assets/DocsRenderer-LL677BLK-CR__OmIa.js
[90m│[39m  183.14 kB │ gzip:  58.15 kB
[90m│[39m  ../../../../../../../var/folders/53/fz3ly9492s9g0rj_bp14ggrm0000gn/T/chromatic--62979-5C0qmKN0MPa3/assets/react-18-DtLAXC2z.js
[90m│[39m  202.87 kB │ gzip:  63.74 kB
[90m│[39m  ../../../../../../../var/folders/53/fz3ly9492s9g0rj_bp14ggrm0000gn/T/chromatic--62979-5C0qmKN0MPa3/assets/components-B1TkmFxn.js
[90m│[39m  543.77 kB │ gzip: 173.05 kB
[90m│[39m  ../../../../../../../var/folders/53/fz3ly9492s9g0rj_bp14ggrm0000gn/T/chromatic--62979-5C0qmKN0MPa3/assets/axe-DUI_Pao5.js
[90m│[39m  567.55 kB │ gzip: 154.76 kB
[90m│[39m  ../../../../../../../var/folders/53/fz3ly9492s9g0rj_bp14ggrm0000gn/T/chromatic--62979-5C0qmKN0MPa3/assets/iframe-D1yZqkyQ.js
[90m│[39m  1,248.76 kB │ gzip: 349.48 kB

[90m│[39m
[33m▲[39m  [43mVite[49m [33m[plugin builtin:vite-reporter]
[90m│[39m  (!) Some chunks are larger than 500 kB after minification. Consider:
[90m│[39m  - Using dynamic import() to code-split the application
[90m│[39m  - Use build.rolldownOptions.output.codeSplitting to improve chunking:
[90m│[39m  ]8;;https://rolldown.rs/reference/OutputOptions.codeSplittinghttps://rolldown.rs/reference/OutputOptions.codeSplitting]8;;
[90m│[39m  - Adjust chunk size limit for this warning via
[90m│[39m  build.chunkSizeWarningLimit.[39m
[90m│[39m  [43mVite[49m [32m✓ built in 978ms[39m
[90m│[39m
[32m◇[39m  Output directory:
[90m│[39m  /var/folders/53/fz3ly9492s9g0rj_bp14ggrm0000gn/T/chromatic--62979-5C0qmKN0MPa3
[90m│[39m
[90m└[39m  Storybook build completed successfully

