
> airsaas-next@0.1.0 build-storybook
> storybook build --output-dir=/var/folders/53/fz3ly9492s9g0rj_bp14ggrm0000gn/T/chromatic--34638-Xu77YNXlNF2D


[90m┌[39m  Building storybook v10.3.4
[90m│[39m
[32m◇[39m  Cleaning outputDir:
[90m│[39m  [36m../../../../../../../var/folders/53/fz3ly9492s9g0rj_bp14ggrm0000gn/T/chromatic--34638-Xu77YNXlNF2D[39m
[90m│[39m
[32m◇[39m  Loading presets
[90m│[39m
[32m◇[39m  Building manager..
[90m│[39m
[34m●[39m  Building preview..
[90m│[39m
[33m▲[39m  No story files found for the specified pattern: [34msrc/**/*.mdx[39m
[90m│[39m
[34m●[39m  Copying static files: [36mpublic[39m at
[90m│[39m  [36m../../../../../../../var/folders/53/fz3ly9492s9g0rj_bp14ggrm0000gn/T/chromatic--34638-Xu77YNXlNF2D[39m
[90m│[39m  [43mVite[49m [36mvite v8.0.3 [32mbuilding client environment for production...[36m[39m
[2Ktransforming...✓ 289 modules transformed.
rendering chunks...
computing gzip size...
[90m│[39m  [43mVite[49m
[90m│[39m  ../../../../../../../var/folders/53/fz3ly9492s9g0rj_bp14ggrm0000gn/T/chromatic--34638-Xu77YNXlNF2D/iframe.html
[90m│[39m  18.72 kB │ gzip:   5.28 kB
[90m│[39m  ../../../../../../../var/folders/53/fz3ly9492s9g0rj_bp14ggrm0000gn/T/chromatic--34638-Xu77YNXlNF2D/assets/iframe-Jw8ZhPdo.css
[90m│[39m  77.68 kB │ gzip:  13.36 kB
[90m│[39m  ../../../../../../../var/folders/53/fz3ly9492s9g0rj_bp14ggrm0000gn/T/chromatic--34638-Xu77YNXlNF2D/assets/chunk-CYSK6WYR-B2NcHnL9.js
[90m│[39m  0.15 kB │ gzip:   0.13 kB
[90m│[39m  ../../../../../../../var/folders/53/fz3ly9492s9g0rj_bp14ggrm0000gn/T/chromatic--34638-Xu77YNXlNF2D/assets/chunk-242VQQM5-BiRYenZp.js
[90m│[39m  0.21 kB │ gzip:   0.18 kB
[90m│[39m  ../../../../../../../var/folders/53/fz3ly9492s9g0rj_bp14ggrm0000gn/T/chromatic--34638-Xu77YNXlNF2D/assets/formatter-EIJCOSYU-6A63mh9-.js
[90m│[39m  0.26 kB │ gzip:   0.21 kB
[90m│[39m  ../../../../../../../var/folders/53/fz3ly9492s9g0rj_bp14ggrm0000gn/T/chromatic--34638-Xu77YNXlNF2D/assets/react-Cmyt7wUh.js
[90m│[39m  0.52 kB │ gzip:   0.33 kB
[90m│[39m  ../../../../../../../var/folders/53/fz3ly9492s9g0rj_bp14ggrm0000gn/T/chromatic--34638-Xu77YNXlNF2D/assets/EllipseBackground-DYAXyyn8.js
[90m│[39m  0.59 kB │ gzip:   0.40 kB
[90m│[39m  ../../../../../../../var/folders/53/fz3ly9492s9g0rj_bp14ggrm0000gn/T/chromatic--34638-Xu77YNXlNF2D/assets/IllustrationFrame-jJNu_fM7.js
[90m│[39m  0.93 kB │ gzip:   0.50 kB
[90m│[39m  ../../../../../../../var/folders/53/fz3ly9492s9g0rj_bp14ggrm0000gn/T/chromatic--34638-Xu77YNXlNF2D/assets/EllipseBackground.stories-Phoo-CEr.js
[90m│[39m  0.96 kB │ gzip:   0.47 kB
[90m│[39m  ../../../../../../../var/folders/53/fz3ly9492s9g0rj_bp14ggrm0000gn/T/chromatic--34638-Xu77YNXlNF2D/assets/GradientBackground-ChaMEnFo.js
[90m│[39m  1.00 kB │ gzip:   0.53 kB
[90m│[39m  ../../../../../../../var/folders/53/fz3ly9492s9g0rj_bp14ggrm0000gn/T/chromatic--34638-Xu77YNXlNF2D/assets/chunk-vNrZSFDR.js
[90m│[39m  1.17 kB │ gzip:   0.65 kB
[90m│[39m  ../../../../../../../var/folders/53/fz3ly9492s9g0rj_bp14ggrm0000gn/T/chromatic--34638-Xu77YNXlNF2D/assets/Text-D36tG5fG.js
[90m│[39m  1.27 kB │ gzip:   0.59 kB
[90m│[39m  ../../../../../../../var/folders/53/fz3ly9492s9g0rj_bp14ggrm0000gn/T/chromatic--34638-Xu77YNXlNF2D/assets/preload-helper-BROLHtqz.js
[90m│[39m  1.27 kB │ gzip:   0.74 kB
[90m│[39m  ../../../../../../../var/folders/53/fz3ly9492s9g0rj_bp14ggrm0000gn/T/chromatic--34638-Xu77YNXlNF2D/assets/FloatingCard-_bJ2BLJH.js
[90m│[39m  1.40 kB │ gzip:   0.65 kB
[90m│[39m  ../../../../../../../var/folders/53/fz3ly9492s9g0rj_bp14ggrm0000gn/T/chromatic--34638-Xu77YNXlNF2D/assets/IllustrationFrame.stories-B1teLKbU.js
[90m│[39m  1.47 kB │ gzip:   0.58 kB
[90m│[39m  ../../../../../../../var/folders/53/fz3ly9492s9g0rj_bp14ggrm0000gn/T/chromatic--34638-Xu77YNXlNF2D/assets/Navbar.stories-Bqf8Oeme.js
[90m│[39m  1.66 kB │ gzip:   0.65 kB
[90m│[39m  ../../../../../../../var/folders/53/fz3ly9492s9g0rj_bp14ggrm0000gn/T/chromatic--34638-Xu77YNXlNF2D/assets/Heading-Cn5wdX86.js
[90m│[39m  1.68 kB │ gzip:   0.70 kB
[90m│[39m  ../../../../../../../var/folders/53/fz3ly9492s9g0rj_bp14ggrm0000gn/T/chromatic--34638-Xu77YNXlNF2D/assets/Tag-DOJawRVR.js
[90m│[39m  1.82 kB │ gzip:   0.90 kB
[90m│[39m  ../../../../../../../var/folders/53/fz3ly9492s9g0rj_bp14ggrm0000gn/T/chromatic--34638-Xu77YNXlNF2D/assets/Heading.stories-PiQrBEEM.js
[90m│[39m  1.88 kB │ gzip:   0.63 kB
[90m│[39m  ../../../../../../../var/folders/53/fz3ly9492s9g0rj_bp14ggrm0000gn/T/chromatic--34638-Xu77YNXlNF2D/assets/Button-ZE2lx_Hc.js
[90m│[39m  2.00 kB │ gzip:   0.84 kB
[90m│[39m  ../../../../../../../var/folders/53/fz3ly9492s9g0rj_bp14ggrm0000gn/T/chromatic--34638-Xu77YNXlNF2D/assets/Text.stories-BZeobg4p.js
[90m│[39m  2.33 kB │ gzip:   0.77 kB
[90m│[39m  ../../../../../../../var/folders/53/fz3ly9492s9g0rj_bp14ggrm0000gn/T/chromatic--34638-Xu77YNXlNF2D/assets/Tag.stories-Cg9pYzAu.js
[90m│[39m  2.41 kB │ gzip:   0.80 kB
[90m│[39m  ../../../../../../../var/folders/53/fz3ly9492s9g0rj_bp14ggrm0000gn/T/chromatic--34638-Xu77YNXlNF2D/assets/GradientBackground.stories-HuAJJ3QM.js
[90m│[39m  2.82 kB │ gzip:   0.71 kB
[90m│[39m  ../../../../../../../var/folders/53/fz3ly9492s9g0rj_bp14ggrm0000gn/T/chromatic--34638-Xu77YNXlNF2D/assets/FloatingCard.stories-BiYyAIxl.js
[90m│[39m  3.17 kB │ gzip:   1.05 kB
[90m│[39m  ../../../../../../../var/folders/53/fz3ly9492s9g0rj_bp14ggrm0000gn/T/chromatic--34638-Xu77YNXlNF2D/assets/Typography.stories-U3xqQqIq.js
[90m│[39m  3.73 kB │ gzip:   1.16 kB
[90m│[39m  ../../../../../../../var/folders/53/fz3ly9492s9g0rj_bp14ggrm0000gn/T/chromatic--34638-Xu77YNXlNF2D/assets/chunk-3LY4VQVK-CHg97pOo.js
[90m│[39m  4.02 kB │ gzip:   1.70 kB
[90m│[39m  ../../../../../../../var/folders/53/fz3ly9492s9g0rj_bp14ggrm0000gn/T/chromatic--34638-Xu77YNXlNF2D/assets/Colors.stories-KKnr9BSA.js
[90m│[39m  4.22 kB │ gzip:   1.18 kB
[90m│[39m  ../../../../../../../var/folders/53/fz3ly9492s9g0rj_bp14ggrm0000gn/T/chromatic--34638-Xu77YNXlNF2D/assets/Navbar-f83-AI3N.js
[90m│[39m  5.25 kB │ gzip:   1.68 kB
[90m│[39m  ../../../../../../../var/folders/53/fz3ly9492s9g0rj_bp14ggrm0000gn/T/chromatic--34638-Xu77YNXlNF2D/assets/Button.stories-NTVdR7o6.js
[90m│[39m  5.52 kB │ gzip:   1.16 kB
[90m│[39m  ../../../../../../../var/folders/53/fz3ly9492s9g0rj_bp14ggrm0000gn/T/chromatic--34638-Xu77YNXlNF2D/assets/Hero.stories-DNK0-E8W.js
[90m│[39m  7.39 kB │ gzip:   2.52 kB
[90m│[39m  ../../../../../../../var/folders/53/fz3ly9492s9g0rj_bp14ggrm0000gn/T/chromatic--34638-Xu77YNXlNF2D/assets/chunk-RD3KTAHR-CHwRnI0y.js
[90m│[39m  20.66 kB │ gzip:   6.89 kB
[90m│[39m  ../../../../../../../var/folders/53/fz3ly9492s9g0rj_bp14ggrm0000gn/T/chromatic--34638-Xu77YNXlNF2D/assets/utils-CwyG4Us8.js
[90m│[39m  26.71 kB │ gzip:   8.64 kB
[90m│[39m  ../../../../../../../var/folders/53/fz3ly9492s9g0rj_bp14ggrm0000gn/T/chromatic--34638-Xu77YNXlNF2D/vite-inject-mocker-entry.js
[90m│[39m  27.85 kB │ gzip:   9.64 kB
[90m│[39m  ../../../../../../../var/folders/53/fz3ly9492s9g0rj_bp14ggrm0000gn/T/chromatic--34638-Xu77YNXlNF2D/assets/matchers-5TDFFDYO-BpgMOC8G.js
[90m│[39m  28.81 kB │ gzip:   9.67 kB
[90m│[39m  ../../../../../../../var/folders/53/fz3ly9492s9g0rj_bp14ggrm0000gn/T/chromatic--34638-Xu77YNXlNF2D/assets/Color-FRDS63T2-B1BsLW1n.js
[90m│[39m  30.82 kB │ gzip:  11.55 kB
[90m│[39m  ../../../../../../../var/folders/53/fz3ly9492s9g0rj_bp14ggrm0000gn/T/chromatic--34638-Xu77YNXlNF2D/assets/WithTooltip-65CFNBJE-Dlktpo5R.js
[90m│[39m  33.20 kB │ gzip:  11.65 kB
[90m│[39m  ../../../../../../../var/folders/53/fz3ly9492s9g0rj_bp14ggrm0000gn/T/chromatic--34638-Xu77YNXlNF2D/assets/theming-CrtO8ck8.js
[90m│[39m  55.30 kB │ gzip:  21.37 kB
[90m│[39m  ../../../../../../../var/folders/53/fz3ly9492s9g0rj_bp14ggrm0000gn/T/chromatic--34638-Xu77YNXlNF2D/assets/syntaxhighlighter-OH4MV7E3-DrUKrUD6.js
[90m│[39m  76.11 kB │ gzip:  27.37 kB
[90m│[39m  ../../../../../../../var/folders/53/fz3ly9492s9g0rj_bp14ggrm0000gn/T/chromatic--34638-Xu77YNXlNF2D/assets/DocsRenderer-LL677BLK-CNqTjdBq.js
[90m│[39m  183.14 kB │ gzip:  58.14 kB
[90m│[39m  ../../../../../../../var/folders/53/fz3ly9492s9g0rj_bp14ggrm0000gn/T/chromatic--34638-Xu77YNXlNF2D/assets/react-18-DcTfpAkC.js
[90m│[39m  202.87 kB │ gzip:  63.74 kB
[90m│[39m  ../../../../../../../var/folders/53/fz3ly9492s9g0rj_bp14ggrm0000gn/T/chromatic--34638-Xu77YNXlNF2D/assets/components-CSOe9_DV.js
[90m│[39m  543.77 kB │ gzip: 173.04 kB
[90m│[39m  ../../../../../../../var/folders/53/fz3ly9492s9g0rj_bp14ggrm0000gn/T/chromatic--34638-Xu77YNXlNF2D/assets/axe-DUI_Pao5.js
[90m│[39m  567.55 kB │ gzip: 154.76 kB
[90m│[39m  ../../../../../../../var/folders/53/fz3ly9492s9g0rj_bp14ggrm0000gn/T/chromatic--34638-Xu77YNXlNF2D/assets/iframe-CTlCFG76.js
[90m│[39m  1,245.21 kB │ gzip: 348.41 kB

[90m│[39m
[33m▲[39m  [43mVite[49m [33m[plugin builtin:vite-reporter]
[90m│[39m  (!) Some chunks are larger than 500 kB after minification. Consider:
[90m│[39m  - Using dynamic import() to code-split the application
[90m│[39m  - Use build.rolldownOptions.output.codeSplitting to improve chunking:
[90m│[39m  ]8;;https://rolldown.rs/reference/OutputOptions.codeSplittinghttps://rolldown.rs/reference/OutputOptions.codeSplitting]8;;
[90m│[39m  - Adjust chunk size limit for this warning via
[90m│[39m  build.chunkSizeWarningLimit.[39m
[90m│[39m  [43mVite[49m [32m✓ built in 954ms[39m
[90m│[39m
[32m◇[39m  Output directory:
[90m│[39m  /var/folders/53/fz3ly9492s9g0rj_bp14ggrm0000gn/T/chromatic--34638-Xu77YNXlNF2D
[90m│[39m
[90m└[39m  Storybook build completed successfully

